<?xml version='1.0' encoding='UTF-8'?>
<testsuite hostname="ywang-Swift-SF514-51" name="funsets.FunSetSuite" tests="9" errors="0" failures="0" skipped="0" time="0.122" timestamp="2020-06-06T04:01:28">
                     <properties>
[...]
</properties>
                     <testcase classname="funsets.FunSetSuite" name="intersect contains 3, 4, 5" time="0.073">
                                                 
                                               </testcase><testcase classname="funsets.FunSetSuite" name="map contains 1 to 6" time="0.012">
                                                 
                                               </testcase><testcase classname="funsets.FunSetSuite" name="diff contains 0, 1, 2" time="0.006">
                                                 
                                               </testcase><testcase classname="funsets.FunSetSuite" name="singleton set one contains one" time="0.003">
                                                 
                                               </testcase><testcase classname="funsets.FunSetSuite" name="forall returns true" time="0.004">
                                                 
                                               </testcase><testcase classname="funsets.FunSetSuite" name="filter contains 0, 2, 4" time="0.015">
                                                 
                                               </testcase><testcase classname="funsets.FunSetSuite" name="union contains all elements of each set" time="0.003">
                                                 
                                               </testcase><testcase classname="funsets.FunSetSuite" name="contains is implemented" time="0.002">
                                                 
                                               </testcase><testcase classname="funsets.FunSetSuite" name="exists returns true" time="0.004">
                                                 
                                               </testcase>
                     <system-out><![CDATA[]]></system-out>
                     <system-err><![CDATA[]]></system-err>
                   </testsuite>